[09:56:31.617] Global cache location '/home/thinkpad1/.cache/typescript/4.1', safe file path '/usr/lib/node_modules/typescript/lib/typingSafeList.json', types map path /usr/lib/node_modules/typescript/lib/typesMap.json
[09:56:31.619] Processing cache location '/home/thinkpad1/.cache/typescript/4.1'
[09:56:31.619] Trying to find '/home/thinkpad1/.cache/typescript/4.1/package.json'...
[09:56:31.622] Loaded content of '/home/thinkpad1/.cache/typescript/4.1/package.json': {"private":true,"dependencies":{"types-registry":"^0.1.541"},"devDependencies":{"@types/abbrev":"^1.1.1","@types/accepts":"^1.3.5","@types/acorn":"^4.0.5","@types/align-text":"^1.0.1","@types/ansi-styles":"^3.2.1","@types/anymatch":"^1.3.1","@types/are-we-there-yet":"^1.1.0","@types/argparse":"^2.0.7","@types/array-find-index":"^1.0.0","@types/asap":"^2.0.0","@types/asn1":"^0.2.0","@types/assert-plus":"^1.0.4","@types/async":"^3.2.6","@types/aws4":"^1.5.1","@types/balanced-match":"^1.0.1","@types/basic-auth":"^1.1.3","@types/bl":"^5.0.1","@types/bluebird":"^3.5.34","@types/body-parser":"^1.19.0","@types/brace-expansion":"^1.1.0","@types/braces":"^3.0.0","@types/bson":"^4.0.3","@types/bytes":"^3.1.0","@types/cacheable-request":"^6.0.1","@types/call-bind":"^1.0.0","@types/caseless":"^0.12.2","@types/center-align":"^1.0.0","@types/cheerio":"^0.22.27","@types/chownr":"^1.0.0","@types/clean-css":"^4.2.3","@types/color-convert":"^2.0.0","@types/color-name":"^1.1.1","@types/combined-stream":"^1.0.2","@types/concat-map":"^0.0.0","@types/configstore":"^5.0.0","@types/content-disposition":"^0.5.3","@types/content-type":"^1.1.3","@types/cookie":"^0.4.0","@types/cookie-parser":"^1.4.2","@types/cookie-signature":"^1.0.3","@types/cookies":"^0.7.6","@types/cross-spawn":"^6.0.2","@types/css":"^0.0.31","@types/dashdash":"^1.14.0","@types/debug":"^4.1.5","@types/deep-extend":"^0.4.31","@types/depd":"^1.1.32","@types/destroy":"^1.0.0","@types/doctrine":"^0.0.3","@types/duplexer3":"^0.1.0","@types/ee-first":"^1.1.0","@types/encodeurl":"^1.0.0","@types/end-of-stream":"^1.4.0","@types/escape-html":"^1.0.1","@types/eslint":"^7.2.10","@types/eslint-scope":"^3.7.0","@types/eslint-visitor-keys":"^1.0.0","@types/esprima":"^4.0.2","@types/esquery":"^1.0.1","@types/estraverse":"^5.1.0","@types/etag":"^1.8.0","@types/express":"^4.17.11","@types/express-handlebars":"^3.1.0","@types/extend":"^3.0.1","@types/extsprintf":"^1.4.1","@types/fast-levenshtein":"^0.0.1","@types/file-entry-cache":"^5.0.1","@types/finalhandler":"^1.1.0","@types/flat-cache":"^2.0.0","@types/forever-agent":"^0.6.0","@types/forwarded":"^0.1.0","@types/fresh":"^0.5.0","@types/function-bind":"^1.1.6","@types/functional-red-black-tree":"^1.0.0","@types/gaze":"^1.1.0","@types/get-caller-file":"^1.0.0","@types/get-intrinsic":"^1.0.0","@types/getpass":"^0.1.0","@types/glob":"^7.1.3","@types/glob-parent":"^5.1.0","@types/globule":"^1.1.3","@types/got":"^9.6.11","@types/graceful-fs":"^4.1.5","@types/has":"^1.0.0","@types/has-ansi":"^5.0.0","@types/has-symbols":"^1.0.0","@types/hosted-git-info":"^3.0.1","@types/http-cache-semantics":"^4.0.0","@types/http-errors":"^1.8.0","@types/imurmurhash":"^0.1.1","@types/inherits":"^0.0.30","@types/ini":"^1.3.30","@types/is-buffer":"^2.0.0","@types/is-ci":"^3.0.0","@types/is-core-module":"^2.2.0","@types/is-finite":"^1.0.0","@types/is-glob":"^4.0.1","@types/is-number":"^7.0.1","@types/is-promise":"^2.1.0","@types/is-regex":"^1.0.0","@types/is-typedarray":"^1.0.0","@types/is-utf8":"^0.2.0","@types/isarray":"^2.0.0","@types/isexe":"^2.0.0","@types/isstream":"^0.1.0","@types/jade":"^0.0.30","@types/jest":"^26.0.20","@types/js-base64":"^3.0.0","@types/js-yaml":"^4.0.1","@types/jsbn":"^1.2.29","@types/json-buffer":"^3.0.0","@types/json-schema":"^7.0.7","@types/json-stringify-safe":"^5.0.0","@types/keyv":"^3.1.1","@types/kind-of":"^6.0.0","@types/lodash":"^4.14.169","@types/lodash.clonedeep":"^4.5.6","@types/lodash.flatten":"^4.4.6","@types/lodash.truncate":"^4.4.6","@types/lru-cache":"^5.1.0","@types/marked":"^2.0.0","@types/media-typer":"^1.1.0","@types/memory-pager":"^1.4.0","@types/merge-descriptors":"^1.0.1","@types/methods":"^1.1.1","@types/mime":"^2.0.3","@types/mime-db":"^1.43.0","@types/mime-types":"^2.1.0","@types/minimatch":"^3.0.4","@types/minimist":"^1.2.1","@types/minipass":"^2.2.0","@types/minizlib":"^2.1.1","@types/mkdirp":"^1.0.1","@types/mongodb":"^3.6.12","@types/mongoose":"^5.10.5","@types/morgan":"^1.9.2","@types/ms":"^0.7.31","@types/mysql":"^2.15.18","@types/nanoid":"^2.1.0","@types/natural-compare":"^1.4.0","@types/negotiator":"^0.6.1","@types/node":"^14.14.31","@types/node-sass":"^4.11.1","@types/nodemon":"^1.19.0","@types/nopt":"^3.0.29","@types/normalize-package-data":"^2.4.0","@types/normalize-path":"^3.0.0","@types/npmlog":"^4.1.2","@types/number-is-nan":"^2.0.0","@types/object-assign":"^4.0.30","@types/on-finished":"^2.3.1","@types/on-headers":"^1.0.0","@types/once":"^1.4.0","@types/optimist":"^0.0.29","@types/parse-json":"^4.0.0","@types/parseurl":"^1.3.1","@types/path-is-absolute":"^1.0.0","@types/path-parse":"^1.0.19","@types/picomatch":"^2.2.4","@types/pify":"^5.0.0","@types/prelude-ls":"^1.1.29","@types/progress":"^2.0.3","@types/proxy-addr":"^2.0.0","@types/psl":"^1.1.0","@types/pug":"^2.0.4","@types/pump":"^1.1.1","@types/punycode":"^2.1.0","@types/qs":"^6.9.6","@types/range-parser":"^1.2.3","@types/rc":"^1.1.0","@types/readable-stream":"^2.3.9","@types/registry-auth-token":"^4.2.0","@types/repeat-string":"^1.6.0","@types/repeating":"^3.0.0","@types/request":"^2.48.5","@types/require-directory":"^2.1.1","@types/require-from-string":"^1.2.0","@types/resolve":"^1.20.0","@types/responselike":"^1.0.0","@types/right-align":"^0.1.0","@types/rimraf":"^3.0.0","@types/safer-buffer":"^2.1.0","@types/saslprep":"^1.0.0","@types/sass-graph":"^2.1.2","@types/semver":"^7.3.6","@types/send":"^0.14.7","@types/serve-static":"^1.13.9","@types/shebang-command":"^1.2.0","@types/shortid":"^0.0.29","@types/signal-exit":"^3.0.0","@types/slice-ansi":"^5.0.0","@types/sparse-bitfield":"^3.0.0","@types/spdx-correct":"^2.0.0","@types/spdx-expression-parse":"^3.0.0","@types/speakingurl":"^13.0.2","@types/sprintf":"^0.1.0","@types/sprintf-js":"^1.1.2","@types/sqlstring":"^2.3.0","@types/sshpk":"^1.10.5","@types/statuses":"^2.0.0","@types/stdout-stream":"^1.4.0","@types/supertest":"^2.0.10","@types/supports-color":"^8.1.0","@types/tar":"^4.0.4","@types/text-table":"^0.2.1","@types/touch":"^3.1.1","@types/tough-cookie":"^4.0.0","@types/type-check":"^0.3.27","@types/type-is":"^1.6.3","@types/uglify-js":"^3.13.0","@types/update-notifier":"^5.0.0","@types/util-deprecate":"^1.0.0","@types/utils-merge":"^0.0.28","@types/uuid":"^8.3.0","@types/validate-npm-package-license":"^3.0.0","@types/vary":"^1.1.0","@types/verror":"^1.10.4","@types/void-elements":"^3.1.0","@types/which":"^2.0.0","@types/window-size":"^0.2.5","@types/wordwrap":"^1.0.0","@types/wrap-ansi":"^3.0.0","@types/write-file-atomic":"^3.0.1","@types/y18n":"^4.0.0","@types/yallist":"^4.0.0","@types/yargs":"^16.0.1","@types/yargs-parser":"^20.2.0"}}
[09:56:31.622] Loaded content of '/home/thinkpad1/.cache/typescript/4.1/package-lock.json'
[09:56:31.636] Adding entry into typings cache: 'abbrev' => '/home/thinkpad1/.cache/typescript/4.1/node_modules/@types/abbrev/index.d.ts'
[09:56:31.639] Adding entry into typings cache: 'accepts' => '/home/thinkpad1/.cache/typescript/4.1/node_modules/@types/accepts/index.d.ts'
[09:56:31.641] Adding entry into typings cache: 'acorn' => '/home/thinkpad1/.cache/typescript/4.1/node_modules/@types/acorn/index.d.ts'
[09:56:31.643] Adding entry into typings cache: 'align-text' => '/home/thinkpad1/.cache/typescript/4.1/node_modules/@types/align-text/index.d.ts'
[09:56:31.646] Adding entry into typings cache: 'ansi-styles' => '/home/thinkpad1/.cache/typescript/4.1/node_modules/ansi-styles/index.d.ts'
[09:56:31.648] Adding entry into typings cache: 'anymatch' => '/home/thinkpad1/.cache/typescript/4.1/node_modules/@types/anymatch/index.d.ts'
[09:56:31.650] Adding entry into typings cache: 'are-we-there-yet' => '/home/thinkpad1/.cache/typescript/4.1/node_modules/@types/are-we-there-yet/index.d.ts'
[09:56:31.653] Adding entry into typings cache: 'argparse' => '/home/thinkpad1/.cache/typescript/4.1/node_modules/@types/argparse/index.d.ts'
[09:56:31.655] Adding entry into typings cache: 'array-find-index' => '/home/thinkpad1/.cache/typescript/4.1/node_modules/@types/array-find-index/index.d.ts'
[09:56:31.657] Adding entry into typings cache: 'asap' => '/home/thinkpad1/.cache/typescript/4.1/node_modules/@types/asap/index.d.ts'
[09:56:31.659] Adding entry into typings cache: 'asn1' => '/home/thinkpad1/.cache/typescript/4.1/node_modules/@types/asn1/index.d.ts'
[09:56:31.661] Adding entry into typings cache: 'assert-plus' => '/home/thinkpad1/.cache/typescript/4.1/node_modules/@types/assert-plus/index.d.ts'
[09:56:31.666] Adding entry into typings cache: 'async' => '/home/thinkpad1/.cache/typescript/4.1/node_modules/@types/async/index.d.ts'
[09:56:31.668] Adding entry into typings cache: 'aws4' => '/home/thinkpad1/.cache/typescript/4.1/node_modules/@types/aws4/index.d.ts'
[09:56:31.670] Adding entry into typings cache: 'balanced-match' => '/home/thinkpad1/.cache/typescript/4.1/node_modules/@types/balanced-match/index.d.ts'
[09:56:31.674] Adding entry into typings cache: 'basic-auth' => '/home/thinkpad1/.cache/typescript/4.1/node_modules/@types/basic-auth/index.d.ts'
[09:56:31.677] Adding entry into typings cache: 'bl' => '/home/thinkpad1/.cache/typescript/4.1/node_modules/@types/bl/index.d.ts'
[09:56:31.681] Adding entry into typings cache: 'bluebird' => '/home/thinkpad1/.cache/typescript/4.1/node_modules/@types/bluebird/index.d.ts'
[09:56:31.684] Adding entry into typings cache: 'body-parser' => '/home/thinkpad1/.cache/typescript/4.1/node_modules/@types/body-parser/index.d.ts'
[09:56:31.686] Adding entry into typings cache: 'brace-expansion' => '/home/thinkpad1/.cache/typescript/4.1/node_modules/@types/brace-expansion/index.d.ts'
[09:56:31.688] Adding entry into typings cache: 'braces' => '/home/thinkpad1/.cache/typescript/4.1/node_modules/@types/braces/index.d.ts'
[09:56:31.690] Adding entry into typings cache: 'bson' => '/home/thinkpad1/.cache/typescript/4.1/node_modules/@types/bson/index.d.ts'
[09:56:31.692] Adding entry into typings cache: 'bytes' => '/home/thinkpad1/.cache/typescript/4.1/node_modules/@types/bytes/index.d.ts'
[09:56:31.695] Adding entry into typings cache: 'cacheable-request' => '/home/thinkpad1/.cache/typescript/4.1/node_modules/@types/cacheable-request/index.d.ts'
[09:56:31.698] Adding entry into typings cache: 'call-bind' => '/home/thinkpad1/.cache/typescript/4.1/node_modules/@types/call-bind/index.d.ts'
[09:56:31.701] Adding entry into typings cache: 'caseless' => '/home/thinkpad1/.cache/typescript/4.1/node_modules/@types/caseless/index.d.ts'
[09:56:31.704] Adding entry into typings cache: 'center-align' => '/home/thinkpad1/.cache/typescript/4.1/node_modules/@types/center-align/index.d.ts'
[09:56:31.706] Adding entry into typings cache: 'cheerio' => '/home/thinkpad1/.cache/typescript/4.1/node_modules/@types/cheerio/index.d.ts'
[09:56:31.708] Adding entry into typings cache: 'chownr' => '/home/thinkpad1/.cache/typescript/4.1/node_modules/@types/chownr/index.d.ts'
[09:56:31.709] Adding entry into typings cache: 'clean-css' => '/home/thinkpad1/.cache/typescript/4.1/node_modules/@types/clean-css/index.d.ts'
[09:56:31.713] Adding entry into typings cache: 'color-convert' => '/home/thinkpad1/.cache/typescript/4.1/node_modules/@types/color-convert/index.d.ts'
[09:56:31.717] Adding entry into typings cache: 'color-name' => '/home/thinkpad1/.cache/typescript/4.1/node_modules/@types/color-name/index.d.ts'
[09:56:31.721] Adding entry into typings cache: 'combined-stream' => '/home/thinkpad1/.cache/typescript/4.1/node_modules/@types/combined-stream/index.d.ts'
[09:56:31.723] Adding entry into typings cache: 'concat-map' => '/home/thinkpad1/.cache/typescript/4.1/node_modules/@types/concat-map/index.d.ts'
[09:56:31.725] Adding entry into typings cache: 'configstore' => '/home/thinkpad1/.cache/typescript/4.1/node_modules/@types/configstore/index.d.ts'
[09:56:31.727] Adding entry into typings cache: 'content-disposition' => '/home/thinkpad1/.cache/typescript/4.1/node_modules/@types/content-disposition/index.d.ts'
[09:56:31.729] Adding entry into typings cache: 'content-type' => '/home/thinkpad1/.cache/typescript/4.1/node_modules/@types/content-type/index.d.ts'
[09:56:31.731] Adding entry into typings cache: 'cookie' => '/home/thinkpad1/.cache/typescript/4.1/node_modules/@types/cookie/index.d.ts'
[09:56:31.733] Adding entry into typings cache: 'cookie-parser' => '/home/thinkpad1/.cache/typescript/4.1/node_modules/@types/cookie-parser/index.d.ts'
[09:56:31.735] Adding entry into typings cache: 'cookie-signature' => '/home/thinkpad1/.cache/typescript/4.1/node_modules/@types/cookie-signature/index.d.ts'
[09:56:31.737] Adding entry into typings cache: 'cookies' => '/home/thinkpad1/.cache/typescript/4.1/node_modules/@types/cookies/index.d.ts'
[09:56:31.738] Adding entry into typings cache: 'cross-spawn' => '/home/thinkpad1/.cache/typescript/4.1/node_modules/@types/cross-spawn/index.d.ts'
[09:56:31.740] Adding entry into typings cache: 'css' => '/home/thinkpad1/.cache/typescript/4.1/node_modules/@types/css/index.d.ts'
[09:56:31.742] Adding entry into typings cache: 'dashdash' => '/home/thinkpad1/.cache/typescript/4.1/node_modules/@types/dashdash/index.d.ts'
[09:56:31.744] Adding entry into typings cache: 'debug' => '/home/thinkpad1/.cache/typescript/4.1/node_modules/@types/debug/index.d.ts'
[09:56:31.749] Adding entry into typings cache: 'deep-extend' => '/home/thinkpad1/.cache/typescript/4.1/node_modules/@types/deep-extend/index.d.ts'
[09:56:31.751] Adding entry into typings cache: 'depd' => '/home/thinkpad1/.cache/typescript/4.1/node_modules/@types/depd/index.d.ts'
[09:56:31.753] Adding entry into typings cache: 'destroy' => '/home/thinkpad1/.cache/typescript/4.1/node_modules/@types/destroy/index.d.ts'
[09:56:31.755] Adding entry into typings cache: 'doctrine' => '/home/thinkpad1/.cache/typescript/4.1/node_modules/@types/doctrine/index.d.ts'
[09:56:31.759] Adding entry into typings cache: 'duplexer3' => '/home/thinkpad1/.cache/typescript/4.1/node_modules/@types/duplexer3/index.d.ts'
[09:56:31.761] Adding entry into typings cache: 'ee-first' => '/home/thinkpad1/.cache/typescript/4.1/node_modules/@types/ee-first/index.d.ts'
[09:56:31.764] Adding entry into typings cache: 'encodeurl' => '/home/thinkpad1/.cache/typescript/4.1/node_modules/@types/encodeurl/index.d.ts'
[09:56:31.766] Adding entry into typings cache: 'end-of-stream' => '/home/thinkpad1/.cache/typescript/4.1/node_modules/@types/end-of-stream/index.d.ts'
[09:56:31.768] Adding entry into typings cache: 'escape-html' => '/home/thinkpad1/.cache/typescript/4.1/node_modules/@types/escape-html/index.d.ts'
[09:56:31.772] Adding entry into typings cache: 'eslint' => '/home/thinkpad1/.cache/typescript/4.1/node_modules/@types/eslint/index.d.ts'
[09:56:31.778] Adding entry into typings cache: 'eslint-scope' => '/home/thinkpad1/.cache/typescript/4.1/node_modules/@types/eslint-scope/index.d.ts'
[09:56:31.782] Adding entry into typings cache: 'eslint-visitor-keys' => '/home/thinkpad1/.cache/typescript/4.1/node_modules/@types/eslint-visitor-keys/index.d.ts'
[09:56:31.793] Adding entry into typings cache: 'esprima' => '/home/thinkpad1/.cache/typescript/4.1/node_modules/@types/esprima/index.d.ts'
[09:56:31.796] Adding entry into typings cache: 'esquery' => '/home/thinkpad1/.cache/typescript/4.1/node_modules/@types/esquery/index.d.ts'
[09:56:31.799] Adding entry into typings cache: 'estraverse' => '/home/thinkpad1/.cache/typescript/4.1/node_modules/@types/estraverse/index.d.ts'
[09:56:31.801] Adding entry into typings cache: 'etag' => '/home/thinkpad1/.cache/typescript/4.1/node_modules/@types/etag/index.d.ts'
[09:56:31.805] Adding entry into typings cache: 'express' => '/home/thinkpad1/.cache/typescript/4.1/node_modules/@types/express/index.d.ts'
[09:56:31.807] Adding entry into typings cache: 'express-handlebars' => '/home/thinkpad1/.cache/typescript/4.1/node_modules/@types/express-handlebars/index.d.ts'
[09:56:31.809] Adding entry into typings cache: 'extend' => '/home/thinkpad1/.cache/typescript/4.1/node_modules/@types/extend/index.d.ts'
[09:56:31.812] Adding entry into typings cache: 'extsprintf' => '/home/thinkpad1/.cache/typescript/4.1/node_modules/@types/extsprintf/index.d.ts'
[09:56:31.816] Adding entry into typings cache: 'fast-levenshtein' => '/home/thinkpad1/.cache/typescript/4.1/node_modules/@types/fast-levenshtein/index.d.ts'
[09:56:31.819] Adding entry into typings cache: 'file-entry-cache' => '/home/thinkpad1/.cache/typescript/4.1/node_modules/@types/file-entry-cache/index.d.ts'
[09:56:31.822] Adding entry into typings cache: 'finalhandler' => '/home/thinkpad1/.cache/typescript/4.1/node_modules/@types/finalhandler/index.d.ts'
[09:56:31.824] Adding entry into typings cache: 'flat-cache' => '/home/thinkpad1/.cache/typescript/4.1/node_modules/@types/flat-cache/index.d.ts'
[09:56:31.827] Adding entry into typings cache: 'forever-agent' => '/home/thinkpad1/.cache/typescript/4.1/node_modules/@types/forever-agent/index.d.ts'
[09:56:31.829] Adding entry into typings cache: 'forwarded' => '/home/thinkpad1/.cache/typescript/4.1/node_modules/@types/forwarded/index.d.ts'
[09:56:31.830] Adding entry into typings cache: 'fresh' => '/home/thinkpad1/.cache/typescript/4.1/node_modules/@types/fresh/index.d.ts'
[09:56:31.836] Adding entry into typings cache: 'function-bind' => '/home/thinkpad1/.cache/typescript/4.1/node_modules/@types/function-bind/index.d.ts'
[09:56:31.841] Adding entry into typings cache: 'functional-red-black-tree' => '/home/thinkpad1/.cache/typescript/4.1/node_modules/@types/functional-red-black-tree/index.d.ts'
[09:56:31.843] Adding entry into typings cache: 'gaze' => '/home/thinkpad1/.cache/typescript/4.1/node_modules/@types/gaze/index.d.ts'
[09:56:31.846] Adding entry into typings cache: 'get-caller-file' => '/home/thinkpad1/.cache/typescript/4.1/node_modules/@types/get-caller-file/index.d.ts'
[09:56:31.847] Adding entry into typings cache: 'get-intrinsic' => '/home/thinkpad1/.cache/typescript/4.1/node_modules/@types/get-intrinsic/index.d.ts'
[09:56:31.849] Adding entry into typings cache: 'getpass' => '/home/thinkpad1/.cache/typescript/4.1/node_modules/@types/getpass/index.d.ts'
[09:56:31.852] Adding entry into typings cache: 'glob' => '/home/thinkpad1/.cache/typescript/4.1/node_modules/@types/glob/index.d.ts'
[09:56:31.854] Adding entry into typings cache: 'glob-parent' => '/home/thinkpad1/.cache/typescript/4.1/node_modules/@types/glob-parent/index.d.ts'
[09:56:31.856] Adding entry into typings cache: 'globule' => '/home/thinkpad1/.cache/typescript/4.1/node_modules/@types/globule/index.d.ts'
[09:56:31.858] Adding entry into typings cache: 'got' => '/home/thinkpad1/.cache/typescript/4.1/node_modules/@types/got/index.d.ts'
[09:56:31.860] Adding entry into typings cache: 'graceful-fs' => '/home/thinkpad1/.cache/typescript/4.1/node_modules/@types/graceful-fs/index.d.ts'
[09:56:31.862] Adding entry into typings cache: 'has' => '/home/thinkpad1/.cache/typescript/4.1/node_modules/@types/has/index.d.ts'
[09:56:31.864] Adding entry into typings cache: 'has-ansi' => '/home/thinkpad1/.cache/typescript/4.1/node_modules/@types/has-ansi/index.d.ts'
[09:56:31.866] Adding entry into typings cache: 'has-symbols' => '/home/thinkpad1/.cache/typescript/4.1/node_modules/@types/has-symbols/index.d.ts'
[09:56:31.868] Adding entry into typings cache: 'hosted-git-info' => '/home/thinkpad1/.cache/typescript/4.1/node_modules/@types/hosted-git-info/index.d.ts'
[09:56:31.870] Adding entry into typings cache: 'http-cache-semantics' => '/home/thinkpad1/.cache/typescript/4.1/node_modules/@types/http-cache-semantics/index.d.ts'
[09:56:31.871] Adding entry into typings cache: 'http-errors' => '/home/thinkpad1/.cache/typescript/4.1/node_modules/@types/http-errors/index.d.ts'
[09:56:31.875] Adding entry into typings cache: 'imurmurhash' => '/home/thinkpad1/.cache/typescript/4.1/node_modules/@types/imurmurhash/index.d.ts'
[09:56:31.876] Adding entry into typings cache: 'inherits' => '/home/thinkpad1/.cache/typescript/4.1/node_modules/@types/inherits/index.d.ts'
[09:56:31.879] Adding entry into typings cache: 'ini' => '/home/thinkpad1/.cache/typescript/4.1/node_modules/@types/ini/index.d.ts'
[09:56:31.881] Adding entry into typings cache: 'is-buffer' => '/home/thinkpad1/.cache/typescript/4.1/node_modules/@types/is-buffer/index.d.ts'
[09:56:31.882] Adding entry into typings cache: 'is-ci' => '/home/thinkpad1/.cache/typescript/4.1/node_modules/@types/is-ci/index.d.ts'
[09:56:31.884] Adding entry into typings cache: 'is-core-module' => '/home/thinkpad1/.cache/typescript/4.1/node_modules/@types/is-core-module/index.d.ts'
[09:56:31.887] Adding entry into typings cache: 'is-finite' => '/home/thinkpad1/.cache/typescript/4.1/node_modules/@types/is-finite/index.d.ts'
[09:56:31.889] Adding entry into typings cache: 'is-glob' => '/home/thinkpad1/.cache/typescript/4.1/node_modules/@types/is-glob/index.d.ts'
[09:56:31.891] Adding entry into typings cache: 'is-number' => '/home/thinkpad1/.cache/typescript/4.1/node_modules/@types/is-number/index.d.ts'
[09:56:31.893] Adding entry into typings cache: 'is-promise' => '/home/thinkpad1/.cache/typescript/4.1/node_modules/@types/is-promise/index.d.ts'
[09:56:31.895] Adding entry into typings cache: 'is-regex' => '/home/thinkpad1/.cache/typescript/4.1/node_modules/@types/is-regex/index.d.ts'
[09:56:31.896] Adding entry into typings cache: 'is-typedarray' => '/home/thinkpad1/.cache/typescript/4.1/node_modules/@types/is-typedarray/index.d.ts'
[09:56:31.898] Adding entry into typings cache: 'is-utf8' => '/home/thinkpad1/.cache/typescript/4.1/node_modules/@types/is-utf8/index.d.ts'
[09:56:31.900] Adding entry into typings cache: 'isarray' => '/home/thinkpad1/.cache/typescript/4.1/node_modules/@types/isarray/index.d.ts'
[09:56:31.902] Adding entry into typings cache: 'isexe' => '/home/thinkpad1/.cache/typescript/4.1/node_modules/@types/isexe/index.d.ts'
[09:56:31.906] Adding entry into typings cache: 'isstream' => '/home/thinkpad1/.cache/typescript/4.1/node_modules/@types/isstream/index.d.ts'
[09:56:31.909] Adding entry into typings cache: 'jade' => '/home/thinkpad1/.cache/typescript/4.1/node_modules/@types/jade/index.d.ts'
[09:56:31.915] Adding entry into typings cache: 'jest' => '/home/thinkpad1/.cache/typescript/4.1/node_modules/@types/jest/index.d.ts'
[09:56:31.917] Adding entry into typings cache: 'js-base64' => '/home/thinkpad1/.cache/typescript/4.1/node_modules/@types/js-base64/index.d.ts'
[09:56:31.920] Adding entry into typings cache: 'js-yaml' => '/home/thinkpad1/.cache/typescript/4.1/node_modules/@types/js-yaml/index.d.ts'
[09:56:31.923] Adding entry into typings cache: 'jsbn' => '/home/thinkpad1/.cache/typescript/4.1/node_modules/@types/jsbn/index.d.ts'
[09:56:31.925] Adding entry into typings cache: 'json-buffer' => '/home/thinkpad1/.cache/typescript/4.1/node_modules/@types/json-buffer/index.d.ts'
[09:56:31.929] Adding entry into typings cache: 'json-schema' => '/home/thinkpad1/.cache/typescript/4.1/node_modules/@types/json-schema/index.d.ts'
[09:56:31.932] Adding entry into typings cache: 'json-stringify-safe' => '/home/thinkpad1/.cache/typescript/4.1/node_modules/@types/json-stringify-safe/index.d.ts'
[09:56:31.934] Adding entry into typings cache: 'keyv' => '/home/thinkpad1/.cache/typescript/4.1/node_modules/@types/keyv/index.d.ts'
[09:56:31.935] Adding entry into typings cache: 'kind-of' => '/home/thinkpad1/.cache/typescript/4.1/node_modules/@types/kind-of/index.d.ts'
[09:56:31.941] Adding entry into typings cache: 'lodash' => '/home/thinkpad1/.cache/typescript/4.1/node_modules/@types/lodash/index.d.ts'
[09:56:31.944] Adding entry into typings cache: 'lodash.clonedeep' => '/home/thinkpad1/.cache/typescript/4.1/node_modules/@types/lodash.clonedeep/index.d.ts'
[09:56:31.949] Adding entry into typings cache: 'lodash.flatten' => '/home/thinkpad1/.cache/typescript/4.1/node_modules/@types/lodash.flatten/index.d.ts'
[09:56:31.951] Adding entry into typings cache: 'lodash.truncate' => '/home/thinkpad1/.cache/typescript/4.1/node_modules/@types/lodash.truncate/index.d.ts'
[09:56:31.955] Adding entry into typings cache: 'lru-cache' => '/home/thinkpad1/.cache/typescript/4.1/node_modules/@types/lru-cache/index.d.ts'
[09:56:31.961] Adding entry into typings cache: 'marked' => '/home/thinkpad1/.cache/typescript/4.1/node_modules/@types/marked/index.d.ts'
[09:56:31.963] Adding entry into typings cache: 'media-typer' => '/home/thinkpad1/.cache/typescript/4.1/node_modules/@types/media-typer/index.d.ts'
[09:56:31.966] Adding entry into typings cache: 'memory-pager' => '/home/thinkpad1/.cache/typescript/4.1/node_modules/@types/memory-pager/index.d.ts'
[09:56:31.969] Adding entry into typings cache: 'merge-descriptors' => '/home/thinkpad1/.cache/typescript/4.1/node_modules/@types/merge-descriptors/index.d.ts'
[09:56:31.973] Adding entry into typings cache: 'methods' => '/home/thinkpad1/.cache/typescript/4.1/node_modules/@types/methods/index.d.ts'
[09:56:31.977] Adding entry into typings cache: 'mime' => '/home/thinkpad1/.cache/typescript/4.1/node_modules/@types/mime/index.d.ts'
[09:56:31.980] Adding entry into typings cache: 'mime-db' => '/home/thinkpad1/.cache/typescript/4.1/node_modules/@types/mime-db/index.d.ts'
[09:56:31.983] Adding entry into typings cache: 'mime-types' => '/home/thinkpad1/.cache/typescript/4.1/node_modules/@types/mime-types/index.d.ts'
[09:56:31.986] Adding entry into typings cache: 'minimatch' => '/home/thinkpad1/.cache/typescript/4.1/node_modules/@types/minimatch/index.d.ts'
[09:56:31.988] Adding entry into typings cache: 'minimist' => '/home/thinkpad1/.cache/typescript/4.1/node_modules/@types/minimist/index.d.ts'
[09:56:31.990] Adding entry into typings cache: 'minipass' => '/home/thinkpad1/.cache/typescript/4.1/node_modules/@types/minipass/index.d.ts'
[09:56:31.991] Adding entry into typings cache: 'minizlib' => '/home/thinkpad1/.cache/typescript/4.1/node_modules/@types/minizlib/index.d.ts'
[09:56:31.993] Adding entry into typings cache: 'mkdirp' => '/home/thinkpad1/.cache/typescript/4.1/node_modules/@types/mkdirp/index.d.ts'
[09:56:31.999] Adding entry into typings cache: 'mongodb' => '/home/thinkpad1/.cache/typescript/4.1/node_modules/@types/mongodb/index.d.ts'
[09:56:32.011] Adding entry into typings cache: 'mongoose' => '/home/thinkpad1/.cache/typescript/4.1/node_modules/@types/mongoose/index.d.ts'
[09:56:32.014] Adding entry into typings cache: 'morgan' => '/home/thinkpad1/.cache/typescript/4.1/node_modules/@types/morgan/index.d.ts'
[09:56:32.016] Adding entry into typings cache: 'ms' => '/home/thinkpad1/.cache/typescript/4.1/node_modules/@types/ms/index.d.ts'
[09:56:32.018] Adding entry into typings cache: 'mysql' => '/home/thinkpad1/.cache/typescript/4.1/node_modules/@types/mysql/index.d.ts'
[09:56:32.021] Adding entry into typings cache: 'nanoid' => '/home/thinkpad1/.cache/typescript/4.1/node_modules/@types/nanoid/index.d.ts'
[09:56:32.022] Adding entry into typings cache: 'natural-compare' => '/home/thinkpad1/.cache/typescript/4.1/node_modules/@types/natural-compare/index.d.ts'
[09:56:32.023] Adding entry into typings cache: 'negotiator' => '/home/thinkpad1/.cache/typescript/4.1/node_modules/@types/negotiator/index.d.ts'
[09:56:32.029] Adding entry into typings cache: 'node' => '/home/thinkpad1/.cache/typescript/4.1/node_modules/@types/node/index.d.ts'
[09:56:32.031] Adding entry into typings cache: 'node-sass' => '/home/thinkpad1/.cache/typescript/4.1/node_modules/@types/node-sass/index.d.ts'
[09:56:32.033] Adding entry into typings cache: 'nodemon' => '/home/thinkpad1/.cache/typescript/4.1/node_modules/@types/nodemon/index.d.ts'
[09:56:32.034] Adding entry into typings cache: 'nopt' => '/home/thinkpad1/.cache/typescript/4.1/node_modules/@types/nopt/index.d.ts'
[09:56:32.036] Adding entry into typings cache: 'normalize-package-data' => '/home/thinkpad1/.cache/typescript/4.1/node_modules/@types/normalize-package-data/index.d.ts'
[09:56:32.038] Adding entry into typings cache: 'normalize-path' => '/home/thinkpad1/.cache/typescript/4.1/node_modules/@types/normalize-path/index.d.ts'
[09:56:32.040] Adding entry into typings cache: 'npmlog' => '/home/thinkpad1/.cache/typescript/4.1/node_modules/@types/npmlog/index.d.ts'
[09:56:32.042] Adding entry into typings cache: 'number-is-nan' => '/home/thinkpad1/.cache/typescript/4.1/node_modules/@types/number-is-nan/index.d.ts'
[09:56:32.043] Adding entry into typings cache: 'object-assign' => '/home/thinkpad1/.cache/typescript/4.1/node_modules/@types/object-assign/index.d.ts'
[09:56:32.045] Adding entry into typings cache: 'on-finished' => '/home/thinkpad1/.cache/typescript/4.1/node_modules/@types/on-finished/index.d.ts'
[09:56:32.046] Adding entry into typings cache: 'on-headers' => '/home/thinkpad1/.cache/typescript/4.1/node_modules/@types/on-headers/index.d.ts'
[09:56:32.048] Adding entry into typings cache: 'once' => '/home/thinkpad1/.cache/typescript/4.1/node_modules/@types/once/index.d.ts'
[09:56:32.049] Adding entry into typings cache: 'optimist' => '/home/thinkpad1/.cache/typescript/4.1/node_modules/@types/optimist/index.d.ts'
[09:56:32.050] Adding entry into typings cache: 'parse-json' => '/home/thinkpad1/.cache/typescript/4.1/node_modules/@types/parse-json/index.d.ts'
[09:56:32.055] Adding entry into typings cache: 'parseurl' => '/home/thinkpad1/.cache/typescript/4.1/node_modules/@types/parseurl/index.d.ts'
[09:56:32.056] Adding entry into typings cache: 'path-is-absolute' => '/home/thinkpad1/.cache/typescript/4.1/node_modules/@types/path-is-absolute/index.d.ts'
[09:56:32.057] Adding entry into typings cache: 'path-parse' => '/home/thinkpad1/.cache/typescript/4.1/node_modules/@types/path-parse/index.d.ts'
[09:56:32.058] Adding entry into typings cache: 'picomatch' => '/home/thinkpad1/.cache/typescript/4.1/node_modules/@types/picomatch/index.d.ts'
[09:56:32.060] Adding entry into typings cache: 'pify' => '/home/thinkpad1/.cache/typescript/4.1/node_modules/@types/pify/index.d.ts'
[09:56:32.061] Adding entry into typings cache: 'prelude-ls' => '/home/thinkpad1/.cache/typescript/4.1/node_modules/@types/prelude-ls/index.d.ts'
[09:56:32.062] Adding entry into typings cache: 'progress' => '/home/thinkpad1/.cache/typescript/4.1/node_modules/@types/progress/index.d.ts'
[09:56:32.064] Adding entry into typings cache: 'proxy-addr' => '/home/thinkpad1/.cache/typescript/4.1/node_modules/@types/proxy-addr/index.d.ts'
[09:56:32.067] Adding entry into typings cache: 'psl' => '/home/thinkpad1/.cache/typescript/4.1/node_modules/@types/psl/index.d.ts'
[09:56:32.068] Adding entry into typings cache: 'pug' => '/home/thinkpad1/.cache/typescript/4.1/node_modules/@types/pug/index.d.ts'
[09:56:32.071] Adding entry into typings cache: 'pump' => '/home/thinkpad1/.cache/typescript/4.1/node_modules/@types/pump/index.d.ts'
[09:56:32.072] Adding entry into typings cache: 'punycode' => '/home/thinkpad1/.cache/typescript/4.1/node_modules/@types/punycode/index.d.ts'
[09:56:32.074] Adding entry into typings cache: 'qs' => '/home/thinkpad1/.cache/typescript/4.1/node_modules/@types/qs/index.d.ts'
[09:56:32.075] Adding entry into typings cache: 'range-parser' => '/home/thinkpad1/.cache/typescript/4.1/node_modules/@types/range-parser/index.d.ts'
[09:56:32.076] Adding entry into typings cache: 'rc' => '/home/thinkpad1/.cache/typescript/4.1/node_modules/@types/rc/index.d.ts'
[09:56:32.077] Adding entry into typings cache: 'readable-stream' => '/home/thinkpad1/.cache/typescript/4.1/node_modules/@types/readable-stream/index.d.ts'
[09:56:32.079] Adding entry into typings cache: 'registry-auth-token' => '/home/thinkpad1/.cache/typescript/4.1/node_modules/@types/registry-auth-token/index.d.ts'
[09:56:32.080] Adding entry into typings cache: 'repeat-string' => '/home/thinkpad1/.cache/typescript/4.1/node_modules/@types/repeat-string/index.d.ts'
[09:56:32.081] Adding entry into typings cache: 'repeating' => '/home/thinkpad1/.cache/typescript/4.1/node_modules/@types/repeating/index.d.ts'
[09:56:32.083] Adding entry into typings cache: 'request' => '/home/thinkpad1/.cache/typescript/4.1/node_modules/@types/request/index.d.ts'
[09:56:32.084] Adding entry into typings cache: 'require-directory' => '/home/thinkpad1/.cache/typescript/4.1/node_modules/@types/require-directory/index.d.ts'
[09:56:32.087] Adding entry into typings cache: 'require-from-string' => '/home/thinkpad1/.cache/typescript/4.1/node_modules/@types/require-from-string/index.d.ts'
[09:56:32.088] Adding entry into typings cache: 'resolve' => '/home/thinkpad1/.cache/typescript/4.1/node_modules/@types/resolve/index.d.ts'
[09:56:32.089] Adding entry into typings cache: 'responselike' => '/home/thinkpad1/.cache/typescript/4.1/node_modules/@types/responselike/index.d.ts'
[09:56:32.090] Adding entry into typings cache: 'right-align' => '/home/thinkpad1/.cache/typescript/4.1/node_modules/@types/right-align/index.d.ts'
[09:56:32.092] Adding entry into typings cache: 'rimraf' => '/home/thinkpad1/.cache/typescript/4.1/node_modules/@types/rimraf/index.d.ts'
[09:56:32.093] Adding entry into typings cache: 'safer-buffer' => '/home/thinkpad1/.cache/typescript/4.1/node_modules/@types/safer-buffer/index.d.ts'
[09:56:32.094] Adding entry into typings cache: 'saslprep' => '/home/thinkpad1/.cache/typescript/4.1/node_modules/@types/saslprep/index.d.ts'
[09:56:32.096] Adding entry into typings cache: 'sass-graph' => '/home/thinkpad1/.cache/typescript/4.1/node_modules/@types/sass-graph/index.d.ts'
[09:56:32.097] Adding entry into typings cache: 'semver' => '/home/thinkpad1/.cache/typescript/4.1/node_modules/@types/semver/index.d.ts'
[09:56:32.098] Adding entry into typings cache: 'send' => '/home/thinkpad1/.cache/typescript/4.1/node_modules/@types/send/index.d.ts'
[09:56:32.100] Adding entry into typings cache: 'serve-static' => '/home/thinkpad1/.cache/typescript/4.1/node_modules/@types/serve-static/index.d.ts'
[09:56:32.101] Adding entry into typings cache: 'shebang-command' => '/home/thinkpad1/.cache/typescript/4.1/node_modules/@types/shebang-command/index.d.ts'
[09:56:32.103] Adding entry into typings cache: 'shortid' => '/home/thinkpad1/.cache/typescript/4.1/node_modules/@types/shortid/index.d.ts'
[09:56:32.104] Adding entry into typings cache: 'signal-exit' => '/home/thinkpad1/.cache/typescript/4.1/node_modules/@types/signal-exit/index.d.ts'
[09:56:32.106] Adding entry into typings cache: 'slice-ansi' => '/home/thinkpad1/.cache/typescript/4.1/node_modules/@types/slice-ansi/index.d.ts'
[09:56:32.109] Adding entry into typings cache: 'sparse-bitfield' => '/home/thinkpad1/.cache/typescript/4.1/node_modules/@types/sparse-bitfield/index.d.ts'
[09:56:32.110] Adding entry into typings cache: 'spdx-correct' => '/home/thinkpad1/.cache/typescript/4.1/node_modules/@types/spdx-correct/index.d.ts'
[09:56:32.111] Adding entry into typings cache: 'spdx-expression-parse' => '/home/thinkpad1/.cache/typescript/4.1/node_modules/@types/spdx-expression-parse/index.d.ts'
[09:56:32.112] Adding entry into typings cache: 'speakingurl' => '/home/thinkpad1/.cache/typescript/4.1/node_modules/@types/speakingurl/index.d.ts'
[09:56:32.114] Adding entry into typings cache: 'sprintf' => '/home/thinkpad1/.cache/typescript/4.1/node_modules/@types/sprintf/index.d.ts'
[09:56:32.115] Adding entry into typings cache: 'sprintf-js' => '/home/thinkpad1/.cache/typescript/4.1/node_modules/@types/sprintf-js/index.d.ts'
[09:56:32.117] Adding entry into typings cache: 'sqlstring' => '/home/thinkpad1/.cache/typescript/4.1/node_modules/@types/sqlstring/index.d.ts'
[09:56:32.118] Adding entry into typings cache: 'sshpk' => '/home/thinkpad1/.cache/typescript/4.1/node_modules/@types/sshpk/index.d.ts'
[09:56:32.119] Adding entry into typings cache: 'statuses' => '/home/thinkpad1/.cache/typescript/4.1/node_modules/@types/statuses/index.d.ts'
[09:56:32.121] Adding entry into typings cache: 'stdout-stream' => '/home/thinkpad1/.cache/typescript/4.1/node_modules/@types/stdout-stream/index.d.ts'
[09:56:32.122] Adding entry into typings cache: 'supertest' => '/home/thinkpad1/.cache/typescript/4.1/node_modules/@types/supertest/index.d.ts'
[09:56:32.126] Adding entry into typings cache: 'supports-color' => '/home/thinkpad1/.cache/typescript/4.1/node_modules/@types/supports-color/index.d.ts'
[09:56:32.127] Adding entry into typings cache: 'tar' => '/home/thinkpad1/.cache/typescript/4.1/node_modules/@types/tar/index.d.ts'
[09:56:32.128] Adding entry into typings cache: 'text-table' => '/home/thinkpad1/.cache/typescript/4.1/node_modules/@types/text-table/index.d.ts'
[09:56:32.129] Adding entry into typings cache: 'touch' => '/home/thinkpad1/.cache/typescript/4.1/node_modules/@types/touch/index.d.ts'
[09:56:32.130] Adding entry into typings cache: 'tough-cookie' => '/home/thinkpad1/.cache/typescript/4.1/node_modules/@types/tough-cookie/index.d.ts'
[09:56:32.131] Adding entry into typings cache: 'type-check' => '/home/thinkpad1/.cache/typescript/4.1/node_modules/@types/type-check/index.d.ts'
[09:56:32.133] Adding entry into typings cache: 'type-is' => '/home/thinkpad1/.cache/typescript/4.1/node_modules/@types/type-is/index.d.ts'
[09:56:32.134] Adding entry into typings cache: 'uglify-js' => '/home/thinkpad1/.cache/typescript/4.1/node_modules/@types/uglify-js/index.d.ts'
[09:56:32.135] Adding entry into typings cache: 'update-notifier' => '/home/thinkpad1/.cache/typescript/4.1/node_modules/@types/update-notifier/index.d.ts'
[09:56:32.137] Adding entry into typings cache: 'util-deprecate' => '/home/thinkpad1/.cache/typescript/4.1/node_modules/@types/util-deprecate/index.d.ts'
[09:56:32.140] Adding entry into typings cache: 'utils-merge' => '/home/thinkpad1/.cache/typescript/4.1/node_modules/@types/utils-merge/index.d.ts'
[09:56:32.142] Adding entry into typings cache: 'uuid' => '/home/thinkpad1/.cache/typescript/4.1/node_modules/@types/uuid/index.d.ts'
[09:56:32.143] Adding entry into typings cache: 'validate-npm-package-license' => '/home/thinkpad1/.cache/typescript/4.1/node_modules/@types/validate-npm-package-license/index.d.ts'
[09:56:32.144] Adding entry into typings cache: 'vary' => '/home/thinkpad1/.cache/typescript/4.1/node_modules/@types/vary/index.d.ts'
[09:56:32.146] Adding entry into typings cache: 'verror' => '/home/thinkpad1/.cache/typescript/4.1/node_modules/@types/verror/index.d.ts'
[09:56:32.151] Adding entry into typings cache: 'void-elements' => '/home/thinkpad1/.cache/typescript/4.1/node_modules/@types/void-elements/index.d.ts'
[09:56:32.152] Adding entry into typings cache: 'which' => '/home/thinkpad1/.cache/typescript/4.1/node_modules/@types/which/index.d.ts'
[09:56:32.154] Adding entry into typings cache: 'window-size' => '/home/thinkpad1/.cache/typescript/4.1/node_modules/@types/window-size/index.d.ts'
[09:56:32.156] Adding entry into typings cache: 'wordwrap' => '/home/thinkpad1/.cache/typescript/4.1/node_modules/@types/wordwrap/index.d.ts'
[09:56:32.157] Adding entry into typings cache: 'wrap-ansi' => '/home/thinkpad1/.cache/typescript/4.1/node_modules/@types/wrap-ansi/index.d.ts'
[09:56:32.159] Adding entry into typings cache: 'write-file-atomic' => '/home/thinkpad1/.cache/typescript/4.1/node_modules/@types/write-file-atomic/index.d.ts'
[09:56:32.160] Adding entry into typings cache: 'y18n' => '/home/thinkpad1/.cache/typescript/4.1/node_modules/@types/y18n/index.d.ts'
[09:56:32.161] Adding entry into typings cache: 'yallist' => '/home/thinkpad1/.cache/typescript/4.1/node_modules/@types/yallist/index.d.ts'
[09:56:32.163] Adding entry into typings cache: 'yargs' => '/home/thinkpad1/.cache/typescript/4.1/node_modules/@types/yargs/index.d.ts'
[09:56:32.164] Adding entry into typings cache: 'yargs-parser' => '/home/thinkpad1/.cache/typescript/4.1/node_modules/@types/yargs-parser/index.d.ts'
[09:56:32.164] Finished processing cache location '/home/thinkpad1/.cache/typescript/4.1'
[09:56:32.165] Process id: 1470401
[09:56:32.165] NPM location: /usr/bin/npm (explicit '--npmLocation' not  provided)
[09:56:32.165] validateDefaultNpmLocation: false
[09:56:32.166] Npm config file: /home/thinkpad1/.cache/typescript/4.1/package.json
[09:56:32.166] Updating types-registry npm package...
[09:56:32.166] Exec: /usr/bin/npm install --ignore-scripts types-registry@latest
[09:56:33.871]     Succeeded. stdout:
    
    up to date, audited 280 packages in 2s

6 packages are looking for funding
  run `npm fund` for details

found 0 vulnerabilities

[09:56:33.871] Updated types-registry npm package
[09:56:39.515] Got install request {"projectName":"/dev/null/inferredProject1*","fileNames":["/usr/lib/node_modules/typescript/lib/lib.es5.d.ts","/usr/lib/node_modules/typescript/lib/lib.es2015.d.ts","/usr/lib/node_modules/typescript/lib/lib.es2016.d.ts","/usr/lib/node_modules/typescript/lib/lib.dom.d.ts","/usr/lib/node_modules/typescript/lib/lib.dom.iterable.d.ts","/usr/lib/node_modules/typescript/lib/lib.webworker.importscripts.d.ts","/usr/lib/node_modules/typescript/lib/lib.scripthost.d.ts","/usr/lib/node_modules/typescript/lib/lib.es2015.core.d.ts","/usr/lib/node_modules/typescript/lib/lib.es2015.collection.d.ts","/usr/lib/node_modules/typescript/lib/lib.es2015.generator.d.ts","/usr/lib/node_modules/typescript/lib/lib.es2015.iterable.d.ts","/usr/lib/node_modules/typescript/lib/lib.es2015.promise.d.ts","/usr/lib/node_modules/typescript/lib/lib.es2015.proxy.d.ts","/usr/lib/node_modules/typescript/lib/lib.es2015.reflect.d.ts","/usr/lib/node_modules/typescript/lib/lib.es2015.symbol.d.ts","/usr/lib/node_modules/typescript/lib/lib.es2015.symbol.wellknown.d.ts","/usr/lib/node_modules/typescript/lib/lib.es2016.array.include.d.ts","/usr/lib/node_modules/typescript/lib/lib.es2016.full.d.ts","/media/72g/web/node1/src/config/db/index.js","/media/72g/web/node1/src/app/models/User.js","/media/72g/web/node1/src/app/controllers/UserController.js","/media/72g/web/node1/src/routes/users.js"],"compilerOptions":{"module":1,"target":3,"jsx":1,"allowJs":true,"allowSyntheticDefaultImports":true,"allowNonTsExtensions":true,"noEmitForJsFiles":true,"maxNodeModuleJsDepth":2},"typeAcquisition":{"enable":true,"include":[],"exclude":[]},"unresolvedImports":[],"projectRootPath":"/media/72g/web/node1/src/routes","kind":"discover"}
[09:56:39.521] Loaded safelist from types map file '/usr/lib/node_modules/typescript/lib/typesMap.json'
[09:56:39.521] Explicitly included types: []
[09:56:39.524] Inferred typings from unresolved imports: []
[09:56:39.525] Result: {"cachedTypingPaths":[],"newTypingNames":[],"filesToWatch":["/media/72g/web/node1/src/config/db/bower_components","/media/72g/web/node1/src/config/db/node_modules","/media/72g/web/node1/src/app/models/bower_components","/media/72g/web/node1/src/app/models/node_modules","/media/72g/web/node1/src/app/controllers/bower_components","/media/72g/web/node1/src/app/controllers/node_modules","/media/72g/web/node1/src/routes/bower_components","/media/72g/web/node1/src/routes/node_modules"]}
[09:56:39.525] Finished typings discovery: {"cachedTypingPaths":[],"newTypingNames":[],"filesToWatch":["/media/72g/web/node1/src/config/db/bower_components","/media/72g/web/node1/src/config/db/node_modules","/media/72g/web/node1/src/app/models/bower_components","/media/72g/web/node1/src/app/models/node_modules","/media/72g/web/node1/src/app/controllers/bower_components","/media/72g/web/node1/src/app/controllers/node_modules","/media/72g/web/node1/src/routes/bower_components","/media/72g/web/node1/src/routes/node_modules"]}
[09:56:39.526] DirectoryWatcher:: Added:: WatchInfo: /media/72g/web/node1/src/config/db/bower_components
[09:56:39.529] DirectoryWatcher:: Added:: WatchInfo: /media/72g/web/node1/src/config/db/node_modules
[09:56:39.530] DirectoryWatcher:: Added:: WatchInfo: /media/72g/web/node1/src/app/models/bower_components
[09:56:39.530] DirectoryWatcher:: Added:: WatchInfo: /media/72g/web/node1/src/app/models/node_modules
[09:56:39.531] DirectoryWatcher:: Added:: WatchInfo: /media/72g/web/node1/src/app/controllers/bower_components
[09:56:39.532] DirectoryWatcher:: Added:: WatchInfo: /media/72g/web/node1/src/app/controllers/node_modules
[09:56:39.533] DirectoryWatcher:: Added:: WatchInfo: /media/72g/web/node1/src/routes/bower_components
[09:56:39.533] DirectoryWatcher:: Added:: WatchInfo: /media/72g/web/node1/src/routes/node_modules
[09:56:39.534] Sending response:
    {"projectName":"/dev/null/inferredProject1*","typeAcquisition":{"enable":true,"include":[],"exclude":[]},"compilerOptions":{"module":1,"target":3,"jsx":1,"allowJs":true,"allowSyntheticDefaultImports":true,"allowNonTsExtensions":true,"noEmitForJsFiles":true,"maxNodeModuleJsDepth":2},"typings":[],"unresolvedImports":[],"kind":"action::set"}
[09:56:39.535] Response has been sent.
[09:56:39.535] No new typings were requested as a result of typings discovery
