[09:08:36.145] Global cache location '/home/thinkpad1/.cache/typescript/4.1', safe file path '/usr/lib/node_modules/typescript/lib/typingSafeList.json', types map path /usr/lib/node_modules/typescript/lib/typesMap.json
[09:08:36.146] Processing cache location '/home/thinkpad1/.cache/typescript/4.1'
[09:08:36.146] Trying to find '/home/thinkpad1/.cache/typescript/4.1/package.json'...
[09:08:36.149] Loaded content of '/home/thinkpad1/.cache/typescript/4.1/package.json': {"private":true,"dependencies":{"types-registry":"^0.1.536"},"devDependencies":{"@types/abbrev":"^1.1.1","@types/accepts":"^1.3.5","@types/acorn":"^4.0.5","@types/align-text":"^1.0.1","@types/ansi-styles":"^3.2.1","@types/anymatch":"^1.3.1","@types/asap":"^2.0.0","@types/balanced-match":"^1.0.1","@types/bl":"^4.1.0","@types/body-parser":"^1.19.0","@types/brace-expansion":"^1.1.0","@types/braces":"^3.0.0","@types/bson":"^4.0.3","@types/bytes":"^3.1.0","@types/cacheable-request":"^6.0.1","@types/call-bind":"^1.0.0","@types/center-align":"^1.0.0","@types/cheerio":"^0.22.27","@types/clean-css":"^4.2.3","@types/color-convert":"^2.0.0","@types/color-name":"^1.1.1","@types/concat-map":"^0.0.0","@types/configstore":"^5.0.0","@types/content-disposition":"^0.5.3","@types/content-type":"^1.1.3","@types/cookie":"^0.4.0","@types/cookie-parser":"^1.4.2","@types/cookie-signature":"^1.0.3","@types/cookies":"^0.7.6","@types/css":"^0.0.31","@types/debug":"^4.1.5","@types/deep-extend":"^0.4.31","@types/depd":"^1.1.32","@types/destroy":"^1.0.0","@types/duplexer3":"^0.1.0","@types/ee-first":"^1.1.0","@types/encodeurl":"^1.0.0","@types/end-of-stream":"^1.4.0","@types/escape-html":"^1.0.0","@types/eslint":"^7.2.7","@types/etag":"^1.8.0","@types/express":"^4.17.11","@types/finalhandler":"^1.1.0","@types/forwarded":"^0.1.0","@types/fresh":"^0.5.0","@types/function-bind":"^1.1.6","@types/get-intrinsic":"^1.0.0","@types/glob-parent":"^5.1.0","@types/got":"^9.6.11","@types/graceful-fs":"^4.1.5","@types/has":"^1.0.0","@types/has-symbols":"^1.0.0","@types/http-cache-semantics":"^4.0.0","@types/http-errors":"^1.8.0","@types/imurmurhash":"^0.1.1","@types/inherits":"^0.0.30","@types/ini":"^1.3.30","@types/is-buffer":"^2.0.0","@types/is-ci":"^3.0.0","@types/is-core-module":"^2.2.0","@types/is-glob":"^4.0.1","@types/is-number":"^7.0.1","@types/is-promise":"^2.1.0","@types/is-regex":"^1.0.0","@types/is-typedarray":"^1.0.0","@types/isarray":"^2.0.0","@types/jade":"^0.0.30","@types/jest":"^26.0.20","@types/json-buffer":"^3.0.0","@types/keyv":"^3.1.1","@types/kind-of":"^6.0.0","@types/lodash":"^4.14.168","@types/marked":"^2.0.0","@types/media-typer":"^1.1.0","@types/memory-pager":"^1.4.0","@types/merge-descriptors":"^1.0.1","@types/methods":"^1.1.1","@types/mime":"^2.0.3","@types/mime-db":"^1.43.0","@types/mime-types":"^2.1.0","@types/minimatch":"^3.0.4","@types/minimist":"^1.2.1","@types/mkdirp":"^1.0.1","@types/mongodb":"^3.6.12","@types/morgan":"^1.9.2","@types/ms":"^0.7.31","@types/mysql":"^2.15.18","@types/negotiator":"^0.6.1","@types/node":"^14.14.31","@types/nodemon":"^1.19.0","@types/nopt":"^3.0.29","@types/normalize-path":"^3.0.0","@types/object-assign":"^4.0.30","@types/on-finished":"^2.3.1","@types/once":"^1.4.0","@types/optimist":"^0.0.29","@types/parseurl":"^1.3.1","@types/path-parse":"^1.0.19","@types/picomatch":"^2.2.1","@types/proxy-addr":"^2.0.0","@types/pug":"^2.0.4","@types/pump":"^1.1.1","@types/qs":"^6.9.6","@types/range-parser":"^1.2.3","@types/rc":"^1.1.0","@types/readable-stream":"^2.3.9","@types/registry-auth-token":"^4.2.0","@types/repeat-string":"^1.6.0","@types/resolve":"^1.20.0","@types/responselike":"^1.0.0","@types/right-align":"^0.1.0","@types/safer-buffer":"^2.1.0","@types/saslprep":"^1.0.0","@types/semver":"^7.3.4","@types/send":"^0.14.7","@types/serve-static":"^1.13.9","@types/signal-exit":"^3.0.0","@types/sparse-bitfield":"^3.0.0","@types/sprintf":"^0.1.0","@types/sqlstring":"^2.3.0","@types/statuses":"^2.0.0","@types/supertest":"^2.0.10","@types/supports-color":"^8.1.0","@types/touch":"^3.1.1","@types/type-is":"^1.6.3","@types/uglify-js":"^3.13.0","@types/update-notifier":"^5.0.0","@types/util-deprecate":"^1.0.0","@types/utils-merge":"^0.0.28","@types/vary":"^1.1.0","@types/void-elements":"^3.1.0","@types/window-size":"^0.2.5","@types/wordwrap":"^1.0.0","@types/write-file-atomic":"^3.0.1","@types/yargs":"^16.0.1"}}
[09:08:36.150] Loaded content of '/home/thinkpad1/.cache/typescript/4.1/package-lock.json'
[09:08:36.163] Adding entry into typings cache: 'abbrev' => '/home/thinkpad1/.cache/typescript/4.1/node_modules/@types/abbrev/index.d.ts'
[09:08:36.167] Adding entry into typings cache: 'accepts' => '/home/thinkpad1/.cache/typescript/4.1/node_modules/@types/accepts/index.d.ts'
[09:08:36.171] Adding entry into typings cache: 'acorn' => '/home/thinkpad1/.cache/typescript/4.1/node_modules/@types/acorn/index.d.ts'
[09:08:36.175] Adding entry into typings cache: 'align-text' => '/home/thinkpad1/.cache/typescript/4.1/node_modules/@types/align-text/index.d.ts'
[09:08:36.180] Adding entry into typings cache: 'ansi-styles' => '/home/thinkpad1/.cache/typescript/4.1/node_modules/ansi-styles/index.d.ts'
[09:08:36.183] Adding entry into typings cache: 'anymatch' => '/home/thinkpad1/.cache/typescript/4.1/node_modules/@types/anymatch/index.d.ts'
[09:08:36.185] Adding entry into typings cache: 'asap' => '/home/thinkpad1/.cache/typescript/4.1/node_modules/@types/asap/index.d.ts'
[09:08:36.188] Adding entry into typings cache: 'balanced-match' => '/home/thinkpad1/.cache/typescript/4.1/node_modules/@types/balanced-match/index.d.ts'
[09:08:36.191] Adding entry into typings cache: 'bl' => '/home/thinkpad1/.cache/typescript/4.1/node_modules/@types/bl/index.d.ts'
[09:08:36.194] Adding entry into typings cache: 'body-parser' => '/home/thinkpad1/.cache/typescript/4.1/node_modules/@types/body-parser/index.d.ts'
[09:08:36.199] Adding entry into typings cache: 'brace-expansion' => '/home/thinkpad1/.cache/typescript/4.1/node_modules/@types/brace-expansion/index.d.ts'
[09:08:36.205] Adding entry into typings cache: 'braces' => '/home/thinkpad1/.cache/typescript/4.1/node_modules/@types/braces/index.d.ts'
[09:08:36.208] Adding entry into typings cache: 'bson' => '/home/thinkpad1/.cache/typescript/4.1/node_modules/@types/bson/index.d.ts'
[09:08:36.211] Adding entry into typings cache: 'bytes' => '/home/thinkpad1/.cache/typescript/4.1/node_modules/@types/bytes/index.d.ts'
[09:08:36.214] Adding entry into typings cache: 'cacheable-request' => '/home/thinkpad1/.cache/typescript/4.1/node_modules/@types/cacheable-request/index.d.ts'
[09:08:36.217] Adding entry into typings cache: 'call-bind' => '/home/thinkpad1/.cache/typescript/4.1/node_modules/@types/call-bind/index.d.ts'
[09:08:36.221] Adding entry into typings cache: 'center-align' => '/home/thinkpad1/.cache/typescript/4.1/node_modules/@types/center-align/index.d.ts'
[09:08:36.225] Adding entry into typings cache: 'cheerio' => '/home/thinkpad1/.cache/typescript/4.1/node_modules/@types/cheerio/index.d.ts'
[09:08:36.227] Adding entry into typings cache: 'clean-css' => '/home/thinkpad1/.cache/typescript/4.1/node_modules/@types/clean-css/index.d.ts'
[09:08:36.232] Adding entry into typings cache: 'color-convert' => '/home/thinkpad1/.cache/typescript/4.1/node_modules/@types/color-convert/index.d.ts'
[09:08:36.235] Adding entry into typings cache: 'color-name' => '/home/thinkpad1/.cache/typescript/4.1/node_modules/@types/color-name/index.d.ts'
[09:08:36.237] Adding entry into typings cache: 'concat-map' => '/home/thinkpad1/.cache/typescript/4.1/node_modules/@types/concat-map/index.d.ts'
[09:08:36.239] Adding entry into typings cache: 'configstore' => '/home/thinkpad1/.cache/typescript/4.1/node_modules/@types/configstore/index.d.ts'
[09:08:36.241] Adding entry into typings cache: 'content-disposition' => '/home/thinkpad1/.cache/typescript/4.1/node_modules/@types/content-disposition/index.d.ts'
[09:08:36.244] Adding entry into typings cache: 'content-type' => '/home/thinkpad1/.cache/typescript/4.1/node_modules/@types/content-type/index.d.ts'
[09:08:36.246] Adding entry into typings cache: 'cookie' => '/home/thinkpad1/.cache/typescript/4.1/node_modules/@types/cookie/index.d.ts'
[09:08:36.248] Adding entry into typings cache: 'cookie-parser' => '/home/thinkpad1/.cache/typescript/4.1/node_modules/@types/cookie-parser/index.d.ts'
[09:08:36.251] Adding entry into typings cache: 'cookie-signature' => '/home/thinkpad1/.cache/typescript/4.1/node_modules/@types/cookie-signature/index.d.ts'
[09:08:36.253] Adding entry into typings cache: 'cookies' => '/home/thinkpad1/.cache/typescript/4.1/node_modules/@types/cookies/index.d.ts'
[09:08:36.255] Adding entry into typings cache: 'css' => '/home/thinkpad1/.cache/typescript/4.1/node_modules/@types/css/index.d.ts'
[09:08:36.259] Adding entry into typings cache: 'debug' => '/home/thinkpad1/.cache/typescript/4.1/node_modules/@types/debug/index.d.ts'
[09:08:36.261] Adding entry into typings cache: 'deep-extend' => '/home/thinkpad1/.cache/typescript/4.1/node_modules/@types/deep-extend/index.d.ts'
[09:08:36.263] Adding entry into typings cache: 'depd' => '/home/thinkpad1/.cache/typescript/4.1/node_modules/@types/depd/index.d.ts'
[09:08:36.265] Adding entry into typings cache: 'destroy' => '/home/thinkpad1/.cache/typescript/4.1/node_modules/@types/destroy/index.d.ts'
[09:08:36.267] Adding entry into typings cache: 'duplexer3' => '/home/thinkpad1/.cache/typescript/4.1/node_modules/@types/duplexer3/index.d.ts'
[09:08:36.269] Adding entry into typings cache: 'ee-first' => '/home/thinkpad1/.cache/typescript/4.1/node_modules/@types/ee-first/index.d.ts'
[09:08:36.274] Adding entry into typings cache: 'encodeurl' => '/home/thinkpad1/.cache/typescript/4.1/node_modules/@types/encodeurl/index.d.ts'
[09:08:36.277] Adding entry into typings cache: 'end-of-stream' => '/home/thinkpad1/.cache/typescript/4.1/node_modules/@types/end-of-stream/index.d.ts'
[09:08:36.280] Adding entry into typings cache: 'escape-html' => '/home/thinkpad1/.cache/typescript/4.1/node_modules/@types/escape-html/index.d.ts'
[09:08:36.282] Adding entry into typings cache: 'eslint' => '/home/thinkpad1/.cache/typescript/4.1/node_modules/@types/eslint/index.d.ts'
[09:08:36.285] Adding entry into typings cache: 'etag' => '/home/thinkpad1/.cache/typescript/4.1/node_modules/@types/etag/index.d.ts'
[09:08:36.287] Adding entry into typings cache: 'express' => '/home/thinkpad1/.cache/typescript/4.1/node_modules/@types/express/index.d.ts'
[09:08:36.289] Adding entry into typings cache: 'finalhandler' => '/home/thinkpad1/.cache/typescript/4.1/node_modules/@types/finalhandler/index.d.ts'
[09:08:36.290] Adding entry into typings cache: 'forwarded' => '/home/thinkpad1/.cache/typescript/4.1/node_modules/@types/forwarded/index.d.ts'
[09:08:36.292] Adding entry into typings cache: 'fresh' => '/home/thinkpad1/.cache/typescript/4.1/node_modules/@types/fresh/index.d.ts'
[09:08:36.293] Adding entry into typings cache: 'function-bind' => '/home/thinkpad1/.cache/typescript/4.1/node_modules/@types/function-bind/index.d.ts'
[09:08:36.299] Adding entry into typings cache: 'get-intrinsic' => '/home/thinkpad1/.cache/typescript/4.1/node_modules/@types/get-intrinsic/index.d.ts'
[09:08:36.301] Adding entry into typings cache: 'glob-parent' => '/home/thinkpad1/.cache/typescript/4.1/node_modules/@types/glob-parent/index.d.ts'
[09:08:36.303] Adding entry into typings cache: 'got' => '/home/thinkpad1/.cache/typescript/4.1/node_modules/@types/got/index.d.ts'
[09:08:36.305] Adding entry into typings cache: 'graceful-fs' => '/home/thinkpad1/.cache/typescript/4.1/node_modules/@types/graceful-fs/index.d.ts'
[09:08:36.306] Adding entry into typings cache: 'has' => '/home/thinkpad1/.cache/typescript/4.1/node_modules/@types/has/index.d.ts'
[09:08:36.309] Adding entry into typings cache: 'has-symbols' => '/home/thinkpad1/.cache/typescript/4.1/node_modules/@types/has-symbols/index.d.ts'
[09:08:36.311] Adding entry into typings cache: 'http-cache-semantics' => '/home/thinkpad1/.cache/typescript/4.1/node_modules/@types/http-cache-semantics/index.d.ts'
[09:08:36.312] Adding entry into typings cache: 'http-errors' => '/home/thinkpad1/.cache/typescript/4.1/node_modules/@types/http-errors/index.d.ts'
[09:08:36.314] Adding entry into typings cache: 'imurmurhash' => '/home/thinkpad1/.cache/typescript/4.1/node_modules/@types/imurmurhash/index.d.ts'
[09:08:36.316] Adding entry into typings cache: 'inherits' => '/home/thinkpad1/.cache/typescript/4.1/node_modules/@types/inherits/index.d.ts'
[09:08:36.318] Adding entry into typings cache: 'ini' => '/home/thinkpad1/.cache/typescript/4.1/node_modules/@types/ini/index.d.ts'
[09:08:36.319] Adding entry into typings cache: 'is-buffer' => '/home/thinkpad1/.cache/typescript/4.1/node_modules/@types/is-buffer/index.d.ts'
[09:08:36.320] Adding entry into typings cache: 'is-ci' => '/home/thinkpad1/.cache/typescript/4.1/node_modules/@types/is-ci/index.d.ts'
[09:08:36.322] Adding entry into typings cache: 'is-core-module' => '/home/thinkpad1/.cache/typescript/4.1/node_modules/@types/is-core-module/index.d.ts'
[09:08:36.324] Adding entry into typings cache: 'is-glob' => '/home/thinkpad1/.cache/typescript/4.1/node_modules/@types/is-glob/index.d.ts'
[09:08:36.325] Adding entry into typings cache: 'is-number' => '/home/thinkpad1/.cache/typescript/4.1/node_modules/@types/is-number/index.d.ts'
[09:08:36.327] Adding entry into typings cache: 'is-promise' => '/home/thinkpad1/.cache/typescript/4.1/node_modules/@types/is-promise/index.d.ts'
[09:08:36.329] Adding entry into typings cache: 'is-regex' => '/home/thinkpad1/.cache/typescript/4.1/node_modules/@types/is-regex/index.d.ts'
[09:08:36.332] Adding entry into typings cache: 'is-typedarray' => '/home/thinkpad1/.cache/typescript/4.1/node_modules/@types/is-typedarray/index.d.ts'
[09:08:36.334] Adding entry into typings cache: 'isarray' => '/home/thinkpad1/.cache/typescript/4.1/node_modules/@types/isarray/index.d.ts'
[09:08:36.337] Adding entry into typings cache: 'jade' => '/home/thinkpad1/.cache/typescript/4.1/node_modules/@types/jade/index.d.ts'
[09:08:36.342] Adding entry into typings cache: 'jest' => '/home/thinkpad1/.cache/typescript/4.1/node_modules/@types/jest/index.d.ts'
[09:08:36.343] Adding entry into typings cache: 'json-buffer' => '/home/thinkpad1/.cache/typescript/4.1/node_modules/@types/json-buffer/index.d.ts'
[09:08:36.348] Adding entry into typings cache: 'keyv' => '/home/thinkpad1/.cache/typescript/4.1/node_modules/@types/keyv/index.d.ts'
[09:08:36.350] Adding entry into typings cache: 'kind-of' => '/home/thinkpad1/.cache/typescript/4.1/node_modules/@types/kind-of/index.d.ts'
[09:08:36.354] Adding entry into typings cache: 'lodash' => '/home/thinkpad1/.cache/typescript/4.1/node_modules/@types/lodash/index.d.ts'
[09:08:36.357] Adding entry into typings cache: 'marked' => '/home/thinkpad1/.cache/typescript/4.1/node_modules/@types/marked/index.d.ts'
[09:08:36.359] Adding entry into typings cache: 'media-typer' => '/home/thinkpad1/.cache/typescript/4.1/node_modules/@types/media-typer/index.d.ts'
[09:08:36.362] Adding entry into typings cache: 'memory-pager' => '/home/thinkpad1/.cache/typescript/4.1/node_modules/@types/memory-pager/index.d.ts'
[09:08:36.364] Adding entry into typings cache: 'merge-descriptors' => '/home/thinkpad1/.cache/typescript/4.1/node_modules/@types/merge-descriptors/index.d.ts'
[09:08:36.370] Adding entry into typings cache: 'methods' => '/home/thinkpad1/.cache/typescript/4.1/node_modules/@types/methods/index.d.ts'
[09:08:36.372] Adding entry into typings cache: 'mime' => '/home/thinkpad1/.cache/typescript/4.1/node_modules/@types/mime/index.d.ts'
[09:08:36.375] Adding entry into typings cache: 'mime-db' => '/home/thinkpad1/.cache/typescript/4.1/node_modules/@types/mime-db/index.d.ts'
[09:08:36.379] Adding entry into typings cache: 'mime-types' => '/home/thinkpad1/.cache/typescript/4.1/node_modules/@types/mime-types/index.d.ts'
[09:08:36.383] Adding entry into typings cache: 'minimatch' => '/home/thinkpad1/.cache/typescript/4.1/node_modules/@types/minimatch/index.d.ts'
[09:08:36.386] Adding entry into typings cache: 'minimist' => '/home/thinkpad1/.cache/typescript/4.1/node_modules/@types/minimist/index.d.ts'
[09:08:36.388] Adding entry into typings cache: 'mkdirp' => '/home/thinkpad1/.cache/typescript/4.1/node_modules/@types/mkdirp/index.d.ts'
[09:08:36.393] Adding entry into typings cache: 'mongodb' => '/home/thinkpad1/.cache/typescript/4.1/node_modules/@types/mongodb/index.d.ts'
[09:08:36.395] Adding entry into typings cache: 'morgan' => '/home/thinkpad1/.cache/typescript/4.1/node_modules/@types/morgan/index.d.ts'
[09:08:36.397] Adding entry into typings cache: 'ms' => '/home/thinkpad1/.cache/typescript/4.1/node_modules/@types/ms/index.d.ts'
[09:08:36.398] Adding entry into typings cache: 'mysql' => '/home/thinkpad1/.cache/typescript/4.1/node_modules/@types/mysql/index.d.ts'
[09:08:36.400] Adding entry into typings cache: 'negotiator' => '/home/thinkpad1/.cache/typescript/4.1/node_modules/@types/negotiator/index.d.ts'
[09:08:36.406] Adding entry into typings cache: 'node' => '/home/thinkpad1/.cache/typescript/4.1/node_modules/@types/node/index.d.ts'
[09:08:36.407] Adding entry into typings cache: 'nodemon' => '/home/thinkpad1/.cache/typescript/4.1/node_modules/@types/nodemon/index.d.ts'
[09:08:36.409] Adding entry into typings cache: 'nopt' => '/home/thinkpad1/.cache/typescript/4.1/node_modules/@types/nopt/index.d.ts'
[09:08:36.410] Adding entry into typings cache: 'normalize-path' => '/home/thinkpad1/.cache/typescript/4.1/node_modules/@types/normalize-path/index.d.ts'
[09:08:36.412] Adding entry into typings cache: 'object-assign' => '/home/thinkpad1/.cache/typescript/4.1/node_modules/@types/object-assign/index.d.ts'
[09:08:36.413] Adding entry into typings cache: 'on-finished' => '/home/thinkpad1/.cache/typescript/4.1/node_modules/@types/on-finished/index.d.ts'
[09:08:36.415] Adding entry into typings cache: 'once' => '/home/thinkpad1/.cache/typescript/4.1/node_modules/@types/once/index.d.ts'
[09:08:36.416] Adding entry into typings cache: 'optimist' => '/home/thinkpad1/.cache/typescript/4.1/node_modules/@types/optimist/index.d.ts'
[09:08:36.417] Adding entry into typings cache: 'parseurl' => '/home/thinkpad1/.cache/typescript/4.1/node_modules/@types/parseurl/index.d.ts'
[09:08:36.418] Adding entry into typings cache: 'path-parse' => '/home/thinkpad1/.cache/typescript/4.1/node_modules/@types/path-parse/index.d.ts'
[09:08:36.419] Adding entry into typings cache: 'picomatch' => '/home/thinkpad1/.cache/typescript/4.1/node_modules/@types/picomatch/index.d.ts'
[09:08:36.420] Adding entry into typings cache: 'proxy-addr' => '/home/thinkpad1/.cache/typescript/4.1/node_modules/@types/proxy-addr/index.d.ts'
[09:08:36.422] Adding entry into typings cache: 'pug' => '/home/thinkpad1/.cache/typescript/4.1/node_modules/@types/pug/index.d.ts'
[09:08:36.424] Adding entry into typings cache: 'pump' => '/home/thinkpad1/.cache/typescript/4.1/node_modules/@types/pump/index.d.ts'
[09:08:36.427] Adding entry into typings cache: 'qs' => '/home/thinkpad1/.cache/typescript/4.1/node_modules/@types/qs/index.d.ts'
[09:08:36.428] Adding entry into typings cache: 'range-parser' => '/home/thinkpad1/.cache/typescript/4.1/node_modules/@types/range-parser/index.d.ts'
[09:08:36.431] Adding entry into typings cache: 'rc' => '/home/thinkpad1/.cache/typescript/4.1/node_modules/@types/rc/index.d.ts'
[09:08:36.433] Adding entry into typings cache: 'readable-stream' => '/home/thinkpad1/.cache/typescript/4.1/node_modules/@types/readable-stream/index.d.ts'
[09:08:36.435] Adding entry into typings cache: 'registry-auth-token' => '/home/thinkpad1/.cache/typescript/4.1/node_modules/@types/registry-auth-token/index.d.ts'
[09:08:36.436] Adding entry into typings cache: 'repeat-string' => '/home/thinkpad1/.cache/typescript/4.1/node_modules/@types/repeat-string/index.d.ts'
[09:08:36.438] Adding entry into typings cache: 'resolve' => '/home/thinkpad1/.cache/typescript/4.1/node_modules/@types/resolve/index.d.ts'
[09:08:36.439] Adding entry into typings cache: 'responselike' => '/home/thinkpad1/.cache/typescript/4.1/node_modules/@types/responselike/index.d.ts'
[09:08:36.440] Adding entry into typings cache: 'right-align' => '/home/thinkpad1/.cache/typescript/4.1/node_modules/@types/right-align/index.d.ts'
[09:08:36.441] Adding entry into typings cache: 'safer-buffer' => '/home/thinkpad1/.cache/typescript/4.1/node_modules/@types/safer-buffer/index.d.ts'
[09:08:36.442] Adding entry into typings cache: 'saslprep' => '/home/thinkpad1/.cache/typescript/4.1/node_modules/@types/saslprep/index.d.ts'
[09:08:36.443] Adding entry into typings cache: 'semver' => '/home/thinkpad1/.cache/typescript/4.1/node_modules/@types/semver/index.d.ts'
[09:08:36.444] Adding entry into typings cache: 'send' => '/home/thinkpad1/.cache/typescript/4.1/node_modules/@types/send/index.d.ts'
[09:08:36.445] Adding entry into typings cache: 'serve-static' => '/home/thinkpad1/.cache/typescript/4.1/node_modules/@types/serve-static/index.d.ts'
[09:08:36.446] Adding entry into typings cache: 'signal-exit' => '/home/thinkpad1/.cache/typescript/4.1/node_modules/@types/signal-exit/index.d.ts'
[09:08:36.447] Adding entry into typings cache: 'sparse-bitfield' => '/home/thinkpad1/.cache/typescript/4.1/node_modules/@types/sparse-bitfield/index.d.ts'
[09:08:36.448] Adding entry into typings cache: 'sprintf' => '/home/thinkpad1/.cache/typescript/4.1/node_modules/@types/sprintf/index.d.ts'
[09:08:36.450] Adding entry into typings cache: 'sqlstring' => '/home/thinkpad1/.cache/typescript/4.1/node_modules/@types/sqlstring/index.d.ts'
[09:08:36.451] Adding entry into typings cache: 'statuses' => '/home/thinkpad1/.cache/typescript/4.1/node_modules/@types/statuses/index.d.ts'
[09:08:36.452] Adding entry into typings cache: 'supertest' => '/home/thinkpad1/.cache/typescript/4.1/node_modules/@types/supertest/index.d.ts'
[09:08:36.455] Adding entry into typings cache: 'supports-color' => '/home/thinkpad1/.cache/typescript/4.1/node_modules/@types/supports-color/index.d.ts'
[09:08:36.456] Adding entry into typings cache: 'touch' => '/home/thinkpad1/.cache/typescript/4.1/node_modules/@types/touch/index.d.ts'
[09:08:36.458] Adding entry into typings cache: 'type-is' => '/home/thinkpad1/.cache/typescript/4.1/node_modules/@types/type-is/index.d.ts'
[09:08:36.460] Adding entry into typings cache: 'uglify-js' => '/home/thinkpad1/.cache/typescript/4.1/node_modules/@types/uglify-js/index.d.ts'
[09:08:36.462] Adding entry into typings cache: 'update-notifier' => '/home/thinkpad1/.cache/typescript/4.1/node_modules/@types/update-notifier/index.d.ts'
[09:08:36.463] Adding entry into typings cache: 'util-deprecate' => '/home/thinkpad1/.cache/typescript/4.1/node_modules/@types/util-deprecate/index.d.ts'
[09:08:36.464] Adding entry into typings cache: 'utils-merge' => '/home/thinkpad1/.cache/typescript/4.1/node_modules/@types/utils-merge/index.d.ts'
[09:08:36.466] Adding entry into typings cache: 'vary' => '/home/thinkpad1/.cache/typescript/4.1/node_modules/@types/vary/index.d.ts'
[09:08:36.467] Adding entry into typings cache: 'void-elements' => '/home/thinkpad1/.cache/typescript/4.1/node_modules/@types/void-elements/index.d.ts'
[09:08:36.470] Adding entry into typings cache: 'window-size' => '/home/thinkpad1/.cache/typescript/4.1/node_modules/@types/window-size/index.d.ts'
[09:08:36.471] Adding entry into typings cache: 'wordwrap' => '/home/thinkpad1/.cache/typescript/4.1/node_modules/@types/wordwrap/index.d.ts'
[09:08:36.473] Adding entry into typings cache: 'write-file-atomic' => '/home/thinkpad1/.cache/typescript/4.1/node_modules/@types/write-file-atomic/index.d.ts'
[09:08:36.474] Adding entry into typings cache: 'yargs' => '/home/thinkpad1/.cache/typescript/4.1/node_modules/@types/yargs/index.d.ts'
[09:08:36.475] Finished processing cache location '/home/thinkpad1/.cache/typescript/4.1'
[09:08:36.475] Process id: 812757
[09:08:36.475] NPM location: /usr/bin/npm (explicit '--npmLocation' not  provided)
[09:08:36.475] validateDefaultNpmLocation: false
[09:08:36.475] Npm config file: /home/thinkpad1/.cache/typescript/4.1/package.json
[09:08:36.476] Updating types-registry npm package...
[09:08:36.476] Exec: /usr/bin/npm install --ignore-scripts types-registry@latest
[09:08:38.135]     Succeeded. stdout:
    
    changed 1 package, and audited 191 packages in 2s

6 packages are looking for funding
  run `npm fund` for details

found 0 vulnerabilities

[09:08:38.135] Updated types-registry npm package
[09:08:39.007] Got install request {"projectName":"/dev/null/inferredProject1*","fileNames":["/usr/lib/node_modules/typescript/lib/lib.es5.d.ts","/usr/lib/node_modules/typescript/lib/lib.es2015.d.ts","/usr/lib/node_modules/typescript/lib/lib.es2016.d.ts","/usr/lib/node_modules/typescript/lib/lib.dom.d.ts","/usr/lib/node_modules/typescript/lib/lib.dom.iterable.d.ts","/usr/lib/node_modules/typescript/lib/lib.webworker.importscripts.d.ts","/usr/lib/node_modules/typescript/lib/lib.scripthost.d.ts","/usr/lib/node_modules/typescript/lib/lib.es2015.core.d.ts","/usr/lib/node_modules/typescript/lib/lib.es2015.collection.d.ts","/usr/lib/node_modules/typescript/lib/lib.es2015.generator.d.ts","/usr/lib/node_modules/typescript/lib/lib.es2015.iterable.d.ts","/usr/lib/node_modules/typescript/lib/lib.es2015.promise.d.ts","/usr/lib/node_modules/typescript/lib/lib.es2015.proxy.d.ts","/usr/lib/node_modules/typescript/lib/lib.es2015.reflect.d.ts","/usr/lib/node_modules/typescript/lib/lib.es2015.symbol.d.ts","/usr/lib/node_modules/typescript/lib/lib.es2015.symbol.wellknown.d.ts","/usr/lib/node_modules/typescript/lib/lib.es2016.array.include.d.ts","/usr/lib/node_modules/typescript/lib/lib.es2016.full.d.ts","/media/72g/web/node1/src/config/db/index.js","/media/72g/web/node1/src/app/models/User.js"],"compilerOptions":{"module":1,"target":3,"jsx":1,"allowJs":true,"allowSyntheticDefaultImports":true,"allowNonTsExtensions":true,"noEmitForJsFiles":true,"maxNodeModuleJsDepth":2},"typeAcquisition":{"enable":true,"include":[],"exclude":[]},"unresolvedImports":[],"projectRootPath":"/media/72g/web/node1/src/app/models","kind":"discover"}
[09:08:39.010] Loaded safelist from types map file '/usr/lib/node_modules/typescript/lib/typesMap.json'
[09:08:39.011] Explicitly included types: []
[09:08:39.012] Inferred typings from unresolved imports: []
[09:08:39.013] Result: {"cachedTypingPaths":[],"newTypingNames":[],"filesToWatch":["/media/72g/web/node1/src/config/db/bower_components","/media/72g/web/node1/src/config/db/node_modules","/media/72g/web/node1/src/app/models/bower_components","/media/72g/web/node1/src/app/models/node_modules"]}
[09:08:39.013] Finished typings discovery: {"cachedTypingPaths":[],"newTypingNames":[],"filesToWatch":["/media/72g/web/node1/src/config/db/bower_components","/media/72g/web/node1/src/config/db/node_modules","/media/72g/web/node1/src/app/models/bower_components","/media/72g/web/node1/src/app/models/node_modules"]}
[09:08:39.013] DirectoryWatcher:: Added:: WatchInfo: /media/72g/web/node1/src/config/db/bower_components
[09:08:39.015] DirectoryWatcher:: Added:: WatchInfo: /media/72g/web/node1/src/config/db/node_modules
[09:08:39.015] DirectoryWatcher:: Added:: WatchInfo: /media/72g/web/node1/src/app/models/bower_components
[09:08:39.016] DirectoryWatcher:: Added:: WatchInfo: /media/72g/web/node1/src/app/models/node_modules
[09:08:39.016] Sending response:
    {"projectName":"/dev/null/inferredProject1*","typeAcquisition":{"enable":true,"include":[],"exclude":[]},"compilerOptions":{"module":1,"target":3,"jsx":1,"allowJs":true,"allowSyntheticDefaultImports":true,"allowNonTsExtensions":true,"noEmitForJsFiles":true,"maxNodeModuleJsDepth":2},"typings":[],"unresolvedImports":[],"kind":"action::set"}
[09:08:39.017] Response has been sent.
[09:08:39.017] No new typings were requested as a result of typings discovery
